[2026-02-14T22:32:48.412+0000] {processor.py:161} INFO - Started process (PID=473) to work on /opt/airflow/dags/SCD_snapshot.py
[2026-02-14T22:32:48.414+0000] {processor.py:830} INFO - Processing file /opt/airflow/dags/SCD_snapshot.py for tasks to queue
[2026-02-14T22:32:48.416+0000] {logging_mixin.py:188} INFO - [2026-02-14T22:32:48.416+0000] {dagbag.py:545} INFO - Filling up the DagBag from /opt/airflow/dags/SCD_snapshot.py
[2026-02-14T22:32:48.474+0000] {processor.py:840} INFO - DAG(s) 'SCD2_snapshots' retrieved from /opt/airflow/dags/SCD_snapshot.py
[2026-02-14T22:32:48.648+0000] {logging_mixin.py:188} INFO - [2026-02-14T22:32:48.648+0000] {override.py:1858} INFO - Created Permission View: can edit on DAG:SCD2_snapshots
[2026-02-14T22:32:48.658+0000] {logging_mixin.py:188} INFO - [2026-02-14T22:32:48.657+0000] {override.py:1858} INFO - Created Permission View: can read on DAG:SCD2_snapshots
[2026-02-14T22:32:48.664+0000] {logging_mixin.py:188} INFO - [2026-02-14T22:32:48.663+0000] {override.py:1858} INFO - Created Permission View: can delete on DAG:SCD2_snapshots
[2026-02-14T22:32:48.665+0000] {logging_mixin.py:188} INFO - [2026-02-14T22:32:48.665+0000] {dag.py:3089} INFO - Sync 1 DAGs
[2026-02-14T22:32:48.679+0000] {logging_mixin.py:188} INFO - [2026-02-14T22:32:48.679+0000] {dag.py:3111} INFO - Creating ORM DAG for SCD2_snapshots
[2026-02-14T22:32:48.689+0000] {logging_mixin.py:188} INFO - [2026-02-14T22:32:48.688+0000] {dag.py:3947} INFO - Setting next_dagrun for SCD2_snapshots to 2026-02-13 00:00:00+00:00, run_after=2026-02-14 00:00:00+00:00
[2026-02-14T22:32:48.713+0000] {processor.py:183} INFO - Processing /opt/airflow/dags/SCD_snapshot.py took 0.308 seconds
[2026-02-14T22:33:19.079+0000] {processor.py:161} INFO - Started process (PID=479) to work on /opt/airflow/dags/SCD_snapshot.py
[2026-02-14T22:33:19.081+0000] {processor.py:830} INFO - Processing file /opt/airflow/dags/SCD_snapshot.py for tasks to queue
[2026-02-14T22:33:19.084+0000] {logging_mixin.py:188} INFO - [2026-02-14T22:33:19.083+0000] {dagbag.py:545} INFO - Filling up the DagBag from /opt/airflow/dags/SCD_snapshot.py
[2026-02-14T22:33:19.102+0000] {processor.py:840} INFO - DAG(s) 'SCD2_snapshots' retrieved from /opt/airflow/dags/SCD_snapshot.py
[2026-02-14T22:33:19.131+0000] {logging_mixin.py:188} INFO - [2026-02-14T22:33:19.131+0000] {dag.py:3089} INFO - Sync 1 DAGs
[2026-02-14T22:33:19.150+0000] {logging_mixin.py:188} INFO - [2026-02-14T22:33:19.149+0000] {dag.py:3947} INFO - Setting next_dagrun for SCD2_snapshots to 2026-02-13 00:00:00+00:00, run_after=2026-02-14 00:00:00+00:00
[2026-02-14T22:33:19.168+0000] {processor.py:183} INFO - Processing /opt/airflow/dags/SCD_snapshot.py took 0.094 seconds
[2026-02-14T22:33:49.455+0000] {processor.py:161} INFO - Started process (PID=485) to work on /opt/airflow/dags/SCD_snapshot.py
[2026-02-14T22:33:49.456+0000] {processor.py:830} INFO - Processing file /opt/airflow/dags/SCD_snapshot.py for tasks to queue
[2026-02-14T22:33:49.458+0000] {logging_mixin.py:188} INFO - [2026-02-14T22:33:49.458+0000] {dagbag.py:545} INFO - Filling up the DagBag from /opt/airflow/dags/SCD_snapshot.py
[2026-02-14T22:33:49.478+0000] {processor.py:840} INFO - DAG(s) 'SCD2_snapshots' retrieved from /opt/airflow/dags/SCD_snapshot.py
[2026-02-14T22:33:49.502+0000] {logging_mixin.py:188} INFO - [2026-02-14T22:33:49.502+0000] {dag.py:3089} INFO - Sync 1 DAGs
[2026-02-14T22:33:49.519+0000] {logging_mixin.py:188} INFO - [2026-02-14T22:33:49.519+0000] {dag.py:3947} INFO - Setting next_dagrun for SCD2_snapshots to 2026-02-13 00:00:00+00:00, run_after=2026-02-14 00:00:00+00:00
[2026-02-14T22:33:49.538+0000] {processor.py:183} INFO - Processing /opt/airflow/dags/SCD_snapshot.py took 0.088 seconds
[2026-02-14T22:34:19.928+0000] {processor.py:161} INFO - Started process (PID=491) to work on /opt/airflow/dags/SCD_snapshot.py
[2026-02-14T22:34:19.931+0000] {processor.py:830} INFO - Processing file /opt/airflow/dags/SCD_snapshot.py for tasks to queue
[2026-02-14T22:34:19.935+0000] {logging_mixin.py:188} INFO - [2026-02-14T22:34:19.934+0000] {dagbag.py:545} INFO - Filling up the DagBag from /opt/airflow/dags/SCD_snapshot.py
[2026-02-14T22:34:19.990+0000] {processor.py:840} INFO - DAG(s) 'SCD2_snapshots' retrieved from /opt/airflow/dags/SCD_snapshot.py
[2026-02-14T22:34:20.017+0000] {logging_mixin.py:188} INFO - [2026-02-14T22:34:20.017+0000] {dag.py:3089} INFO - Sync 1 DAGs
[2026-02-14T22:34:20.037+0000] {logging_mixin.py:188} INFO - [2026-02-14T22:34:20.036+0000] {dag.py:3947} INFO - Setting next_dagrun for SCD2_snapshots to 2026-02-13 00:00:00+00:00, run_after=2026-02-14 00:00:00+00:00
[2026-02-14T22:34:20.059+0000] {processor.py:183} INFO - Processing /opt/airflow/dags/SCD_snapshot.py took 0.137 seconds
[2026-02-14T22:34:50.235+0000] {processor.py:161} INFO - Started process (PID=497) to work on /opt/airflow/dags/SCD_snapshot.py
[2026-02-14T22:34:50.236+0000] {processor.py:830} INFO - Processing file /opt/airflow/dags/SCD_snapshot.py for tasks to queue
[2026-02-14T22:34:50.238+0000] {logging_mixin.py:188} INFO - [2026-02-14T22:34:50.238+0000] {dagbag.py:545} INFO - Filling up the DagBag from /opt/airflow/dags/SCD_snapshot.py
[2026-02-14T22:34:50.255+0000] {processor.py:840} INFO - DAG(s) 'SCD2_snapshots' retrieved from /opt/airflow/dags/SCD_snapshot.py
[2026-02-14T22:34:50.277+0000] {logging_mixin.py:188} INFO - [2026-02-14T22:34:50.277+0000] {dag.py:3089} INFO - Sync 1 DAGs
[2026-02-14T22:34:50.294+0000] {logging_mixin.py:188} INFO - [2026-02-14T22:34:50.294+0000] {dag.py:3947} INFO - Setting next_dagrun for SCD2_snapshots to 2026-02-13 00:00:00+00:00, run_after=2026-02-14 00:00:00+00:00
[2026-02-14T22:34:50.309+0000] {processor.py:183} INFO - Processing /opt/airflow/dags/SCD_snapshot.py took 0.079 seconds
[2026-02-14T22:35:20.665+0000] {processor.py:161} INFO - Started process (PID=503) to work on /opt/airflow/dags/SCD_snapshot.py
[2026-02-14T22:35:20.667+0000] {processor.py:830} INFO - Processing file /opt/airflow/dags/SCD_snapshot.py for tasks to queue
[2026-02-14T22:35:20.669+0000] {logging_mixin.py:188} INFO - [2026-02-14T22:35:20.668+0000] {dagbag.py:545} INFO - Filling up the DagBag from /opt/airflow/dags/SCD_snapshot.py
[2026-02-14T22:35:20.699+0000] {processor.py:840} INFO - DAG(s) 'SCD2_snapshots' retrieved from /opt/airflow/dags/SCD_snapshot.py
[2026-02-14T22:35:20.730+0000] {logging_mixin.py:188} INFO - [2026-02-14T22:35:20.729+0000] {dag.py:3089} INFO - Sync 1 DAGs
[2026-02-14T22:35:20.747+0000] {logging_mixin.py:188} INFO - [2026-02-14T22:35:20.747+0000] {dag.py:3947} INFO - Setting next_dagrun for SCD2_snapshots to 2026-02-13 00:00:00+00:00, run_after=2026-02-14 00:00:00+00:00
[2026-02-14T22:35:20.763+0000] {processor.py:183} INFO - Processing /opt/airflow/dags/SCD_snapshot.py took 0.106 seconds
[2026-02-14T22:35:51.189+0000] {processor.py:161} INFO - Started process (PID=564) to work on /opt/airflow/dags/SCD_snapshot.py
[2026-02-14T22:35:51.190+0000] {processor.py:830} INFO - Processing file /opt/airflow/dags/SCD_snapshot.py for tasks to queue
[2026-02-14T22:35:51.193+0000] {logging_mixin.py:188} INFO - [2026-02-14T22:35:51.192+0000] {dagbag.py:545} INFO - Filling up the DagBag from /opt/airflow/dags/SCD_snapshot.py
[2026-02-14T22:35:51.259+0000] {processor.py:840} INFO - DAG(s) 'SCD2_snapshots' retrieved from /opt/airflow/dags/SCD_snapshot.py
[2026-02-14T22:35:51.307+0000] {logging_mixin.py:188} INFO - [2026-02-14T22:35:51.307+0000] {dag.py:3089} INFO - Sync 1 DAGs
[2026-02-14T22:35:51.326+0000] {logging_mixin.py:188} INFO - [2026-02-14T22:35:51.326+0000] {dag.py:3947} INFO - Setting next_dagrun for SCD2_snapshots to 2026-02-14 00:00:00+00:00, run_after=2026-02-15 00:00:00+00:00
[2026-02-14T22:35:51.347+0000] {processor.py:183} INFO - Processing /opt/airflow/dags/SCD_snapshot.py took 0.167 seconds
[2026-02-14T22:36:21.677+0000] {processor.py:161} INFO - Started process (PID=645) to work on /opt/airflow/dags/SCD_snapshot.py
[2026-02-14T22:36:21.678+0000] {processor.py:830} INFO - Processing file /opt/airflow/dags/SCD_snapshot.py for tasks to queue
[2026-02-14T22:36:21.680+0000] {logging_mixin.py:188} INFO - [2026-02-14T22:36:21.680+0000] {dagbag.py:545} INFO - Filling up the DagBag from /opt/airflow/dags/SCD_snapshot.py
[2026-02-14T22:36:21.713+0000] {processor.py:840} INFO - DAG(s) 'SCD2_snapshots' retrieved from /opt/airflow/dags/SCD_snapshot.py
[2026-02-14T22:36:21.738+0000] {logging_mixin.py:188} INFO - [2026-02-14T22:36:21.737+0000] {dag.py:3089} INFO - Sync 1 DAGs
[2026-02-14T22:36:21.756+0000] {logging_mixin.py:188} INFO - [2026-02-14T22:36:21.756+0000] {dag.py:3947} INFO - Setting next_dagrun for SCD2_snapshots to 2026-02-14 00:00:00+00:00, run_after=2026-02-15 00:00:00+00:00
[2026-02-14T22:36:21.772+0000] {processor.py:183} INFO - Processing /opt/airflow/dags/SCD_snapshot.py took 0.100 seconds
[2026-02-14T22:36:52.320+0000] {processor.py:161} INFO - Started process (PID=729) to work on /opt/airflow/dags/SCD_snapshot.py
[2026-02-14T22:36:52.322+0000] {processor.py:830} INFO - Processing file /opt/airflow/dags/SCD_snapshot.py for tasks to queue
[2026-02-14T22:36:52.326+0000] {logging_mixin.py:188} INFO - [2026-02-14T22:36:52.325+0000] {dagbag.py:545} INFO - Filling up the DagBag from /opt/airflow/dags/SCD_snapshot.py
[2026-02-14T22:36:52.360+0000] {processor.py:840} INFO - DAG(s) 'SCD2_snapshots' retrieved from /opt/airflow/dags/SCD_snapshot.py
[2026-02-14T22:36:52.382+0000] {logging_mixin.py:188} INFO - [2026-02-14T22:36:52.382+0000] {dag.py:3089} INFO - Sync 1 DAGs
[2026-02-14T22:36:52.397+0000] {logging_mixin.py:188} INFO - [2026-02-14T22:36:52.397+0000] {dag.py:3947} INFO - Setting next_dagrun for SCD2_snapshots to 2026-02-14 00:00:00+00:00, run_after=2026-02-15 00:00:00+00:00
[2026-02-14T22:36:52.424+0000] {processor.py:183} INFO - Processing /opt/airflow/dags/SCD_snapshot.py took 0.116 seconds
[2026-02-14T22:37:22.746+0000] {processor.py:161} INFO - Started process (PID=735) to work on /opt/airflow/dags/SCD_snapshot.py
[2026-02-14T22:37:22.747+0000] {processor.py:830} INFO - Processing file /opt/airflow/dags/SCD_snapshot.py for tasks to queue
[2026-02-14T22:37:22.748+0000] {logging_mixin.py:188} INFO - [2026-02-14T22:37:22.748+0000] {dagbag.py:545} INFO - Filling up the DagBag from /opt/airflow/dags/SCD_snapshot.py
[2026-02-14T22:37:22.764+0000] {processor.py:840} INFO - DAG(s) 'SCD2_snapshots' retrieved from /opt/airflow/dags/SCD_snapshot.py
[2026-02-14T22:37:22.790+0000] {logging_mixin.py:188} INFO - [2026-02-14T22:37:22.790+0000] {dag.py:3089} INFO - Sync 1 DAGs
[2026-02-14T22:37:22.806+0000] {logging_mixin.py:188} INFO - [2026-02-14T22:37:22.806+0000] {dag.py:3947} INFO - Setting next_dagrun for SCD2_snapshots to 2026-02-14 00:00:00+00:00, run_after=2026-02-15 00:00:00+00:00
[2026-02-14T22:37:22.820+0000] {processor.py:183} INFO - Processing /opt/airflow/dags/SCD_snapshot.py took 0.080 seconds
[2026-02-14T22:37:53.066+0000] {processor.py:161} INFO - Started process (PID=741) to work on /opt/airflow/dags/SCD_snapshot.py
[2026-02-14T22:37:53.069+0000] {processor.py:830} INFO - Processing file /opt/airflow/dags/SCD_snapshot.py for tasks to queue
[2026-02-14T22:37:53.072+0000] {logging_mixin.py:188} INFO - [2026-02-14T22:37:53.071+0000] {dagbag.py:545} INFO - Filling up the DagBag from /opt/airflow/dags/SCD_snapshot.py
[2026-02-14T22:37:53.110+0000] {processor.py:840} INFO - DAG(s) 'SCD2_snapshots' retrieved from /opt/airflow/dags/SCD_snapshot.py
[2026-02-14T22:37:53.131+0000] {logging_mixin.py:188} INFO - [2026-02-14T22:37:53.131+0000] {dag.py:3089} INFO - Sync 1 DAGs
[2026-02-14T22:37:53.147+0000] {logging_mixin.py:188} INFO - [2026-02-14T22:37:53.147+0000] {dag.py:3947} INFO - Setting next_dagrun for SCD2_snapshots to 2026-02-14 00:00:00+00:00, run_after=2026-02-15 00:00:00+00:00
[2026-02-14T22:37:53.168+0000] {processor.py:183} INFO - Processing /opt/airflow/dags/SCD_snapshot.py took 0.109 seconds
[2026-02-14T22:38:23.521+0000] {processor.py:161} INFO - Started process (PID=747) to work on /opt/airflow/dags/SCD_snapshot.py
[2026-02-14T22:38:23.522+0000] {processor.py:830} INFO - Processing file /opt/airflow/dags/SCD_snapshot.py for tasks to queue
[2026-02-14T22:38:23.523+0000] {logging_mixin.py:188} INFO - [2026-02-14T22:38:23.523+0000] {dagbag.py:545} INFO - Filling up the DagBag from /opt/airflow/dags/SCD_snapshot.py
[2026-02-14T22:38:23.620+0000] {processor.py:840} INFO - DAG(s) 'SCD2_snapshots' retrieved from /opt/airflow/dags/SCD_snapshot.py
[2026-02-14T22:38:23.662+0000] {logging_mixin.py:188} INFO - [2026-02-14T22:38:23.662+0000] {dag.py:3089} INFO - Sync 1 DAGs
[2026-02-14T22:38:23.701+0000] {logging_mixin.py:188} INFO - [2026-02-14T22:38:23.701+0000] {dag.py:3947} INFO - Setting next_dagrun for SCD2_snapshots to 2026-02-14 00:00:00+00:00, run_after=2026-02-15 00:00:00+00:00
[2026-02-14T22:38:23.719+0000] {processor.py:183} INFO - Processing /opt/airflow/dags/SCD_snapshot.py took 0.202 seconds
[2026-02-14T22:38:54.050+0000] {processor.py:161} INFO - Started process (PID=753) to work on /opt/airflow/dags/SCD_snapshot.py
[2026-02-14T22:38:54.052+0000] {processor.py:830} INFO - Processing file /opt/airflow/dags/SCD_snapshot.py for tasks to queue
[2026-02-14T22:38:54.054+0000] {logging_mixin.py:188} INFO - [2026-02-14T22:38:54.054+0000] {dagbag.py:545} INFO - Filling up the DagBag from /opt/airflow/dags/SCD_snapshot.py
[2026-02-14T22:38:54.091+0000] {processor.py:840} INFO - DAG(s) 'SCD2_snapshots' retrieved from /opt/airflow/dags/SCD_snapshot.py
[2026-02-14T22:38:54.121+0000] {logging_mixin.py:188} INFO - [2026-02-14T22:38:54.121+0000] {dag.py:3089} INFO - Sync 1 DAGs
[2026-02-14T22:38:54.139+0000] {logging_mixin.py:188} INFO - [2026-02-14T22:38:54.139+0000] {dag.py:3947} INFO - Setting next_dagrun for SCD2_snapshots to 2026-02-14 00:00:00+00:00, run_after=2026-02-15 00:00:00+00:00
[2026-02-14T22:38:54.161+0000] {processor.py:183} INFO - Processing /opt/airflow/dags/SCD_snapshot.py took 0.118 seconds
[2026-02-14T22:39:24.532+0000] {processor.py:161} INFO - Started process (PID=759) to work on /opt/airflow/dags/SCD_snapshot.py
[2026-02-14T22:39:24.533+0000] {processor.py:830} INFO - Processing file /opt/airflow/dags/SCD_snapshot.py for tasks to queue
[2026-02-14T22:39:24.535+0000] {logging_mixin.py:188} INFO - [2026-02-14T22:39:24.535+0000] {dagbag.py:545} INFO - Filling up the DagBag from /opt/airflow/dags/SCD_snapshot.py
[2026-02-14T22:39:24.565+0000] {processor.py:840} INFO - DAG(s) 'SCD2_snapshots' retrieved from /opt/airflow/dags/SCD_snapshot.py
[2026-02-14T22:39:24.626+0000] {logging_mixin.py:188} INFO - [2026-02-14T22:39:24.625+0000] {dag.py:3089} INFO - Sync 1 DAGs
[2026-02-14T22:39:24.649+0000] {logging_mixin.py:188} INFO - [2026-02-14T22:39:24.648+0000] {dag.py:3947} INFO - Setting next_dagrun for SCD2_snapshots to 2026-02-14 00:00:00+00:00, run_after=2026-02-15 00:00:00+00:00
[2026-02-14T22:39:24.665+0000] {processor.py:183} INFO - Processing /opt/airflow/dags/SCD_snapshot.py took 0.138 seconds
[2026-02-14T22:39:55.019+0000] {processor.py:161} INFO - Started process (PID=765) to work on /opt/airflow/dags/SCD_snapshot.py
[2026-02-14T22:39:55.022+0000] {processor.py:830} INFO - Processing file /opt/airflow/dags/SCD_snapshot.py for tasks to queue
[2026-02-14T22:39:55.024+0000] {logging_mixin.py:188} INFO - [2026-02-14T22:39:55.023+0000] {dagbag.py:545} INFO - Filling up the DagBag from /opt/airflow/dags/SCD_snapshot.py
[2026-02-14T22:39:55.060+0000] {processor.py:840} INFO - DAG(s) 'SCD2_snapshots' retrieved from /opt/airflow/dags/SCD_snapshot.py
[2026-02-14T22:39:55.082+0000] {logging_mixin.py:188} INFO - [2026-02-14T22:39:55.082+0000] {dag.py:3089} INFO - Sync 1 DAGs
[2026-02-14T22:39:55.099+0000] {logging_mixin.py:188} INFO - [2026-02-14T22:39:55.099+0000] {dag.py:3947} INFO - Setting next_dagrun for SCD2_snapshots to 2026-02-14 00:00:00+00:00, run_after=2026-02-15 00:00:00+00:00
[2026-02-14T22:39:55.118+0000] {processor.py:183} INFO - Processing /opt/airflow/dags/SCD_snapshot.py took 0.103 seconds
[2026-02-14T22:40:25.239+0000] {processor.py:161} INFO - Started process (PID=771) to work on /opt/airflow/dags/SCD_snapshot.py
[2026-02-14T22:40:25.240+0000] {processor.py:830} INFO - Processing file /opt/airflow/dags/SCD_snapshot.py for tasks to queue
[2026-02-14T22:40:25.242+0000] {logging_mixin.py:188} INFO - [2026-02-14T22:40:25.242+0000] {dagbag.py:545} INFO - Filling up the DagBag from /opt/airflow/dags/SCD_snapshot.py
[2026-02-14T22:40:25.257+0000] {processor.py:840} INFO - DAG(s) 'SCD2_snapshots' retrieved from /opt/airflow/dags/SCD_snapshot.py
[2026-02-14T22:40:25.278+0000] {logging_mixin.py:188} INFO - [2026-02-14T22:40:25.278+0000] {dag.py:3089} INFO - Sync 1 DAGs
[2026-02-14T22:40:25.295+0000] {logging_mixin.py:188} INFO - [2026-02-14T22:40:25.295+0000] {dag.py:3947} INFO - Setting next_dagrun for SCD2_snapshots to 2026-02-14 00:00:00+00:00, run_after=2026-02-15 00:00:00+00:00
[2026-02-14T22:40:25.315+0000] {processor.py:183} INFO - Processing /opt/airflow/dags/SCD_snapshot.py took 0.081 seconds
[2026-02-14T22:40:55.657+0000] {processor.py:161} INFO - Started process (PID=777) to work on /opt/airflow/dags/SCD_snapshot.py
[2026-02-14T22:40:55.658+0000] {processor.py:830} INFO - Processing file /opt/airflow/dags/SCD_snapshot.py for tasks to queue
[2026-02-14T22:40:55.660+0000] {logging_mixin.py:188} INFO - [2026-02-14T22:40:55.660+0000] {dagbag.py:545} INFO - Filling up the DagBag from /opt/airflow/dags/SCD_snapshot.py
[2026-02-14T22:40:55.676+0000] {processor.py:840} INFO - DAG(s) 'SCD2_snapshots' retrieved from /opt/airflow/dags/SCD_snapshot.py
[2026-02-14T22:40:55.698+0000] {logging_mixin.py:188} INFO - [2026-02-14T22:40:55.698+0000] {dag.py:3089} INFO - Sync 1 DAGs
[2026-02-14T22:40:55.714+0000] {logging_mixin.py:188} INFO - [2026-02-14T22:40:55.714+0000] {dag.py:3947} INFO - Setting next_dagrun for SCD2_snapshots to 2026-02-14 00:00:00+00:00, run_after=2026-02-15 00:00:00+00:00
[2026-02-14T22:40:55.729+0000] {processor.py:183} INFO - Processing /opt/airflow/dags/SCD_snapshot.py took 0.078 seconds
[2026-02-14T22:41:25.773+0000] {processor.py:161} INFO - Started process (PID=783) to work on /opt/airflow/dags/SCD_snapshot.py
[2026-02-14T22:41:25.774+0000] {processor.py:830} INFO - Processing file /opt/airflow/dags/SCD_snapshot.py for tasks to queue
[2026-02-14T22:41:25.776+0000] {logging_mixin.py:188} INFO - [2026-02-14T22:41:25.776+0000] {dagbag.py:545} INFO - Filling up the DagBag from /opt/airflow/dags/SCD_snapshot.py
[2026-02-14T22:41:25.792+0000] {processor.py:840} INFO - DAG(s) 'SCD2_snapshots' retrieved from /opt/airflow/dags/SCD_snapshot.py
[2026-02-14T22:41:25.815+0000] {logging_mixin.py:188} INFO - [2026-02-14T22:41:25.814+0000] {dag.py:3089} INFO - Sync 1 DAGs
[2026-02-14T22:41:25.832+0000] {logging_mixin.py:188} INFO - [2026-02-14T22:41:25.831+0000] {dag.py:3947} INFO - Setting next_dagrun for SCD2_snapshots to 2026-02-14 00:00:00+00:00, run_after=2026-02-15 00:00:00+00:00
[2026-02-14T22:41:25.851+0000] {processor.py:183} INFO - Processing /opt/airflow/dags/SCD_snapshot.py took 0.082 seconds
[2026-02-14T22:41:56.202+0000] {processor.py:161} INFO - Started process (PID=789) to work on /opt/airflow/dags/SCD_snapshot.py
[2026-02-14T22:41:56.203+0000] {processor.py:830} INFO - Processing file /opt/airflow/dags/SCD_snapshot.py for tasks to queue
[2026-02-14T22:41:56.205+0000] {logging_mixin.py:188} INFO - [2026-02-14T22:41:56.205+0000] {dagbag.py:545} INFO - Filling up the DagBag from /opt/airflow/dags/SCD_snapshot.py
[2026-02-14T22:41:56.225+0000] {processor.py:840} INFO - DAG(s) 'SCD2_snapshots' retrieved from /opt/airflow/dags/SCD_snapshot.py
[2026-02-14T22:41:56.247+0000] {logging_mixin.py:188} INFO - [2026-02-14T22:41:56.246+0000] {dag.py:3089} INFO - Sync 1 DAGs
[2026-02-14T22:41:56.263+0000] {logging_mixin.py:188} INFO - [2026-02-14T22:41:56.263+0000] {dag.py:3947} INFO - Setting next_dagrun for SCD2_snapshots to 2026-02-14 00:00:00+00:00, run_after=2026-02-15 00:00:00+00:00
[2026-02-14T22:41:56.282+0000] {processor.py:183} INFO - Processing /opt/airflow/dags/SCD_snapshot.py took 0.086 seconds
[2026-02-14T22:42:26.701+0000] {processor.py:161} INFO - Started process (PID=795) to work on /opt/airflow/dags/SCD_snapshot.py
[2026-02-14T22:42:26.702+0000] {processor.py:830} INFO - Processing file /opt/airflow/dags/SCD_snapshot.py for tasks to queue
[2026-02-14T22:42:26.705+0000] {logging_mixin.py:188} INFO - [2026-02-14T22:42:26.704+0000] {dagbag.py:545} INFO - Filling up the DagBag from /opt/airflow/dags/SCD_snapshot.py
[2026-02-14T22:42:26.734+0000] {processor.py:840} INFO - DAG(s) 'SCD2_snapshots' retrieved from /opt/airflow/dags/SCD_snapshot.py
[2026-02-14T22:42:26.761+0000] {logging_mixin.py:188} INFO - [2026-02-14T22:42:26.761+0000] {dag.py:3089} INFO - Sync 1 DAGs
[2026-02-14T22:42:26.779+0000] {logging_mixin.py:188} INFO - [2026-02-14T22:42:26.779+0000] {dag.py:3947} INFO - Setting next_dagrun for SCD2_snapshots to 2026-02-14 00:00:00+00:00, run_after=2026-02-15 00:00:00+00:00
[2026-02-14T22:42:26.796+0000] {processor.py:183} INFO - Processing /opt/airflow/dags/SCD_snapshot.py took 0.101 seconds
[2026-02-14T22:42:57.177+0000] {processor.py:161} INFO - Started process (PID=801) to work on /opt/airflow/dags/SCD_snapshot.py
[2026-02-14T22:42:57.179+0000] {processor.py:830} INFO - Processing file /opt/airflow/dags/SCD_snapshot.py for tasks to queue
[2026-02-14T22:42:57.181+0000] {logging_mixin.py:188} INFO - [2026-02-14T22:42:57.181+0000] {dagbag.py:545} INFO - Filling up the DagBag from /opt/airflow/dags/SCD_snapshot.py
[2026-02-14T22:42:57.206+0000] {processor.py:840} INFO - DAG(s) 'SCD2_snapshots' retrieved from /opt/airflow/dags/SCD_snapshot.py
[2026-02-14T22:42:57.228+0000] {logging_mixin.py:188} INFO - [2026-02-14T22:42:57.228+0000] {dag.py:3089} INFO - Sync 1 DAGs
[2026-02-14T22:42:57.246+0000] {logging_mixin.py:188} INFO - [2026-02-14T22:42:57.246+0000] {dag.py:3947} INFO - Setting next_dagrun for SCD2_snapshots to 2026-02-14 00:00:00+00:00, run_after=2026-02-15 00:00:00+00:00
[2026-02-14T22:42:57.266+0000] {processor.py:183} INFO - Processing /opt/airflow/dags/SCD_snapshot.py took 0.099 seconds
[2026-02-14T22:43:27.636+0000] {processor.py:161} INFO - Started process (PID=807) to work on /opt/airflow/dags/SCD_snapshot.py
[2026-02-14T22:43:27.637+0000] {processor.py:830} INFO - Processing file /opt/airflow/dags/SCD_snapshot.py for tasks to queue
[2026-02-14T22:43:27.639+0000] {logging_mixin.py:188} INFO - [2026-02-14T22:43:27.638+0000] {dagbag.py:545} INFO - Filling up the DagBag from /opt/airflow/dags/SCD_snapshot.py
[2026-02-14T22:43:27.654+0000] {processor.py:840} INFO - DAG(s) 'SCD2_snapshots' retrieved from /opt/airflow/dags/SCD_snapshot.py
[2026-02-14T22:43:27.675+0000] {logging_mixin.py:188} INFO - [2026-02-14T22:43:27.675+0000] {dag.py:3089} INFO - Sync 1 DAGs
[2026-02-14T22:43:27.692+0000] {logging_mixin.py:188} INFO - [2026-02-14T22:43:27.692+0000] {dag.py:3947} INFO - Setting next_dagrun for SCD2_snapshots to 2026-02-14 00:00:00+00:00, run_after=2026-02-15 00:00:00+00:00
[2026-02-14T22:43:27.711+0000] {processor.py:183} INFO - Processing /opt/airflow/dags/SCD_snapshot.py took 0.080 seconds
[2026-02-14T22:43:58.061+0000] {processor.py:161} INFO - Started process (PID=813) to work on /opt/airflow/dags/SCD_snapshot.py
[2026-02-14T22:43:58.062+0000] {processor.py:830} INFO - Processing file /opt/airflow/dags/SCD_snapshot.py for tasks to queue
[2026-02-14T22:43:58.064+0000] {logging_mixin.py:188} INFO - [2026-02-14T22:43:58.064+0000] {dagbag.py:545} INFO - Filling up the DagBag from /opt/airflow/dags/SCD_snapshot.py
[2026-02-14T22:43:58.084+0000] {processor.py:840} INFO - DAG(s) 'SCD2_snapshots' retrieved from /opt/airflow/dags/SCD_snapshot.py
[2026-02-14T22:43:58.110+0000] {logging_mixin.py:188} INFO - [2026-02-14T22:43:58.110+0000] {dag.py:3089} INFO - Sync 1 DAGs
[2026-02-14T22:43:58.130+0000] {logging_mixin.py:188} INFO - [2026-02-14T22:43:58.130+0000] {dag.py:3947} INFO - Setting next_dagrun for SCD2_snapshots to 2026-02-14 00:00:00+00:00, run_after=2026-02-15 00:00:00+00:00
[2026-02-14T22:43:58.150+0000] {processor.py:183} INFO - Processing /opt/airflow/dags/SCD_snapshot.py took 0.094 seconds
[2026-02-14T22:44:28.489+0000] {processor.py:161} INFO - Started process (PID=819) to work on /opt/airflow/dags/SCD_snapshot.py
[2026-02-14T22:44:28.490+0000] {processor.py:830} INFO - Processing file /opt/airflow/dags/SCD_snapshot.py for tasks to queue
[2026-02-14T22:44:28.492+0000] {logging_mixin.py:188} INFO - [2026-02-14T22:44:28.491+0000] {dagbag.py:545} INFO - Filling up the DagBag from /opt/airflow/dags/SCD_snapshot.py
[2026-02-14T22:44:28.506+0000] {processor.py:840} INFO - DAG(s) 'SCD2_snapshots' retrieved from /opt/airflow/dags/SCD_snapshot.py
[2026-02-14T22:44:28.526+0000] {logging_mixin.py:188} INFO - [2026-02-14T22:44:28.526+0000] {dag.py:3089} INFO - Sync 1 DAGs
[2026-02-14T22:44:28.543+0000] {logging_mixin.py:188} INFO - [2026-02-14T22:44:28.543+0000] {dag.py:3947} INFO - Setting next_dagrun for SCD2_snapshots to 2026-02-14 00:00:00+00:00, run_after=2026-02-15 00:00:00+00:00
[2026-02-14T22:44:28.561+0000] {processor.py:183} INFO - Processing /opt/airflow/dags/SCD_snapshot.py took 0.077 seconds
[2026-02-14T22:44:58.965+0000] {processor.py:161} INFO - Started process (PID=825) to work on /opt/airflow/dags/SCD_snapshot.py
[2026-02-14T22:44:58.966+0000] {processor.py:830} INFO - Processing file /opt/airflow/dags/SCD_snapshot.py for tasks to queue
[2026-02-14T22:44:58.967+0000] {logging_mixin.py:188} INFO - [2026-02-14T22:44:58.967+0000] {dagbag.py:545} INFO - Filling up the DagBag from /opt/airflow/dags/SCD_snapshot.py
[2026-02-14T22:44:58.984+0000] {processor.py:840} INFO - DAG(s) 'SCD2_snapshots' retrieved from /opt/airflow/dags/SCD_snapshot.py
[2026-02-14T22:44:59.016+0000] {logging_mixin.py:188} INFO - [2026-02-14T22:44:59.016+0000] {dag.py:3089} INFO - Sync 1 DAGs
[2026-02-14T22:44:59.037+0000] {logging_mixin.py:188} INFO - [2026-02-14T22:44:59.037+0000] {dag.py:3947} INFO - Setting next_dagrun for SCD2_snapshots to 2026-02-14 00:00:00+00:00, run_after=2026-02-15 00:00:00+00:00
[2026-02-14T22:44:59.052+0000] {processor.py:183} INFO - Processing /opt/airflow/dags/SCD_snapshot.py took 0.092 seconds
[2026-02-14T22:45:29.400+0000] {processor.py:161} INFO - Started process (PID=831) to work on /opt/airflow/dags/SCD_snapshot.py
[2026-02-14T22:45:29.402+0000] {processor.py:830} INFO - Processing file /opt/airflow/dags/SCD_snapshot.py for tasks to queue
[2026-02-14T22:45:29.404+0000] {logging_mixin.py:188} INFO - [2026-02-14T22:45:29.404+0000] {dagbag.py:545} INFO - Filling up the DagBag from /opt/airflow/dags/SCD_snapshot.py
[2026-02-14T22:45:29.423+0000] {processor.py:840} INFO - DAG(s) 'SCD2_snapshots' retrieved from /opt/airflow/dags/SCD_snapshot.py
[2026-02-14T22:45:29.446+0000] {logging_mixin.py:188} INFO - [2026-02-14T22:45:29.446+0000] {dag.py:3089} INFO - Sync 1 DAGs
[2026-02-14T22:45:29.463+0000] {logging_mixin.py:188} INFO - [2026-02-14T22:45:29.463+0000] {dag.py:3947} INFO - Setting next_dagrun for SCD2_snapshots to 2026-02-14 00:00:00+00:00, run_after=2026-02-15 00:00:00+00:00
[2026-02-14T22:45:29.481+0000] {processor.py:183} INFO - Processing /opt/airflow/dags/SCD_snapshot.py took 0.087 seconds
[2026-02-14T22:45:59.772+0000] {processor.py:161} INFO - Started process (PID=837) to work on /opt/airflow/dags/SCD_snapshot.py
[2026-02-14T22:45:59.774+0000] {processor.py:830} INFO - Processing file /opt/airflow/dags/SCD_snapshot.py for tasks to queue
[2026-02-14T22:45:59.776+0000] {logging_mixin.py:188} INFO - [2026-02-14T22:45:59.776+0000] {dagbag.py:545} INFO - Filling up the DagBag from /opt/airflow/dags/SCD_snapshot.py
[2026-02-14T22:45:59.818+0000] {processor.py:840} INFO - DAG(s) 'SCD2_snapshots' retrieved from /opt/airflow/dags/SCD_snapshot.py
[2026-02-14T22:45:59.845+0000] {logging_mixin.py:188} INFO - [2026-02-14T22:45:59.844+0000] {dag.py:3089} INFO - Sync 1 DAGs
[2026-02-14T22:45:59.862+0000] {logging_mixin.py:188} INFO - [2026-02-14T22:45:59.862+0000] {dag.py:3947} INFO - Setting next_dagrun for SCD2_snapshots to 2026-02-14 00:00:00+00:00, run_after=2026-02-15 00:00:00+00:00
[2026-02-14T22:45:59.884+0000] {processor.py:183} INFO - Processing /opt/airflow/dags/SCD_snapshot.py took 0.121 seconds
[2026-02-14T22:46:30.186+0000] {processor.py:161} INFO - Started process (PID=843) to work on /opt/airflow/dags/SCD_snapshot.py
[2026-02-14T22:46:30.187+0000] {processor.py:830} INFO - Processing file /opt/airflow/dags/SCD_snapshot.py for tasks to queue
[2026-02-14T22:46:30.190+0000] {logging_mixin.py:188} INFO - [2026-02-14T22:46:30.189+0000] {dagbag.py:545} INFO - Filling up the DagBag from /opt/airflow/dags/SCD_snapshot.py
[2026-02-14T22:46:30.216+0000] {processor.py:840} INFO - DAG(s) 'SCD2_snapshots' retrieved from /opt/airflow/dags/SCD_snapshot.py
[2026-02-14T22:46:30.242+0000] {logging_mixin.py:188} INFO - [2026-02-14T22:46:30.242+0000] {dag.py:3089} INFO - Sync 1 DAGs
[2026-02-14T22:46:30.259+0000] {logging_mixin.py:188} INFO - [2026-02-14T22:46:30.259+0000] {dag.py:3947} INFO - Setting next_dagrun for SCD2_snapshots to 2026-02-14 00:00:00+00:00, run_after=2026-02-15 00:00:00+00:00
[2026-02-14T22:46:30.278+0000] {processor.py:183} INFO - Processing /opt/airflow/dags/SCD_snapshot.py took 0.098 seconds
[2026-02-14T22:47:00.676+0000] {processor.py:161} INFO - Started process (PID=849) to work on /opt/airflow/dags/SCD_snapshot.py
[2026-02-14T22:47:00.679+0000] {processor.py:830} INFO - Processing file /opt/airflow/dags/SCD_snapshot.py for tasks to queue
[2026-02-14T22:47:00.683+0000] {logging_mixin.py:188} INFO - [2026-02-14T22:47:00.682+0000] {dagbag.py:545} INFO - Filling up the DagBag from /opt/airflow/dags/SCD_snapshot.py
[2026-02-14T22:47:00.712+0000] {processor.py:840} INFO - DAG(s) 'SCD2_snapshots' retrieved from /opt/airflow/dags/SCD_snapshot.py
[2026-02-14T22:47:00.738+0000] {logging_mixin.py:188} INFO - [2026-02-14T22:47:00.738+0000] {dag.py:3089} INFO - Sync 1 DAGs
[2026-02-14T22:47:00.757+0000] {logging_mixin.py:188} INFO - [2026-02-14T22:47:00.757+0000] {dag.py:3947} INFO - Setting next_dagrun for SCD2_snapshots to 2026-02-14 00:00:00+00:00, run_after=2026-02-15 00:00:00+00:00
[2026-02-14T22:47:00.775+0000] {processor.py:183} INFO - Processing /opt/airflow/dags/SCD_snapshot.py took 0.109 seconds
[2026-02-14T22:47:31.137+0000] {processor.py:161} INFO - Started process (PID=855) to work on /opt/airflow/dags/SCD_snapshot.py
[2026-02-14T22:47:31.138+0000] {processor.py:830} INFO - Processing file /opt/airflow/dags/SCD_snapshot.py for tasks to queue
[2026-02-14T22:47:31.139+0000] {logging_mixin.py:188} INFO - [2026-02-14T22:47:31.139+0000] {dagbag.py:545} INFO - Filling up the DagBag from /opt/airflow/dags/SCD_snapshot.py
[2026-02-14T22:47:31.154+0000] {processor.py:840} INFO - DAG(s) 'SCD2_snapshots' retrieved from /opt/airflow/dags/SCD_snapshot.py
[2026-02-14T22:47:31.176+0000] {logging_mixin.py:188} INFO - [2026-02-14T22:47:31.176+0000] {dag.py:3089} INFO - Sync 1 DAGs
[2026-02-14T22:47:31.194+0000] {logging_mixin.py:188} INFO - [2026-02-14T22:47:31.193+0000] {dag.py:3947} INFO - Setting next_dagrun for SCD2_snapshots to 2026-02-14 00:00:00+00:00, run_after=2026-02-15 00:00:00+00:00
[2026-02-14T22:47:31.218+0000] {processor.py:183} INFO - Processing /opt/airflow/dags/SCD_snapshot.py took 0.086 seconds
[2026-02-14T22:48:01.601+0000] {processor.py:161} INFO - Started process (PID=861) to work on /opt/airflow/dags/SCD_snapshot.py
[2026-02-14T22:48:01.602+0000] {processor.py:830} INFO - Processing file /opt/airflow/dags/SCD_snapshot.py for tasks to queue
[2026-02-14T22:48:01.604+0000] {logging_mixin.py:188} INFO - [2026-02-14T22:48:01.604+0000] {dagbag.py:545} INFO - Filling up the DagBag from /opt/airflow/dags/SCD_snapshot.py
[2026-02-14T22:48:01.622+0000] {processor.py:840} INFO - DAG(s) 'SCD2_snapshots' retrieved from /opt/airflow/dags/SCD_snapshot.py
[2026-02-14T22:48:01.648+0000] {logging_mixin.py:188} INFO - [2026-02-14T22:48:01.648+0000] {dag.py:3089} INFO - Sync 1 DAGs
[2026-02-14T22:48:01.662+0000] {logging_mixin.py:188} INFO - [2026-02-14T22:48:01.662+0000] {dag.py:3947} INFO - Setting next_dagrun for SCD2_snapshots to 2026-02-14 00:00:00+00:00, run_after=2026-02-15 00:00:00+00:00
[2026-02-14T22:48:01.676+0000] {processor.py:183} INFO - Processing /opt/airflow/dags/SCD_snapshot.py took 0.083 seconds
[2026-02-14T22:48:32.150+0000] {processor.py:161} INFO - Started process (PID=867) to work on /opt/airflow/dags/SCD_snapshot.py
[2026-02-14T22:48:32.152+0000] {processor.py:830} INFO - Processing file /opt/airflow/dags/SCD_snapshot.py for tasks to queue
[2026-02-14T22:48:32.154+0000] {logging_mixin.py:188} INFO - [2026-02-14T22:48:32.154+0000] {dagbag.py:545} INFO - Filling up the DagBag from /opt/airflow/dags/SCD_snapshot.py
[2026-02-14T22:48:32.175+0000] {processor.py:840} INFO - DAG(s) 'SCD2_snapshots' retrieved from /opt/airflow/dags/SCD_snapshot.py
[2026-02-14T22:48:32.199+0000] {logging_mixin.py:188} INFO - [2026-02-14T22:48:32.199+0000] {dag.py:3089} INFO - Sync 1 DAGs
[2026-02-14T22:48:32.224+0000] {logging_mixin.py:188} INFO - [2026-02-14T22:48:32.224+0000] {dag.py:3947} INFO - Setting next_dagrun for SCD2_snapshots to 2026-02-14 00:00:00+00:00, run_after=2026-02-15 00:00:00+00:00
[2026-02-14T22:48:32.271+0000] {processor.py:183} INFO - Processing /opt/airflow/dags/SCD_snapshot.py took 0.129 seconds
[2026-02-14T22:49:02.594+0000] {processor.py:161} INFO - Started process (PID=873) to work on /opt/airflow/dags/SCD_snapshot.py
[2026-02-14T22:49:02.595+0000] {processor.py:830} INFO - Processing file /opt/airflow/dags/SCD_snapshot.py for tasks to queue
[2026-02-14T22:49:02.597+0000] {logging_mixin.py:188} INFO - [2026-02-14T22:49:02.596+0000] {dagbag.py:545} INFO - Filling up the DagBag from /opt/airflow/dags/SCD_snapshot.py
[2026-02-14T22:49:02.722+0000] {processor.py:840} INFO - DAG(s) 'SCD2_snapshots' retrieved from /opt/airflow/dags/SCD_snapshot.py
[2026-02-14T22:49:02.770+0000] {logging_mixin.py:188} INFO - [2026-02-14T22:49:02.770+0000] {dag.py:3089} INFO - Sync 1 DAGs
[2026-02-14T22:49:02.796+0000] {logging_mixin.py:188} INFO - [2026-02-14T22:49:02.796+0000] {dag.py:3947} INFO - Setting next_dagrun for SCD2_snapshots to 2026-02-14 00:00:00+00:00, run_after=2026-02-15 00:00:00+00:00
[2026-02-14T22:49:02.846+0000] {processor.py:183} INFO - Processing /opt/airflow/dags/SCD_snapshot.py took 0.256 seconds
[2026-02-14T22:49:33.228+0000] {processor.py:161} INFO - Started process (PID=879) to work on /opt/airflow/dags/SCD_snapshot.py
[2026-02-14T22:49:33.229+0000] {processor.py:830} INFO - Processing file /opt/airflow/dags/SCD_snapshot.py for tasks to queue
[2026-02-14T22:49:33.230+0000] {logging_mixin.py:188} INFO - [2026-02-14T22:49:33.230+0000] {dagbag.py:545} INFO - Filling up the DagBag from /opt/airflow/dags/SCD_snapshot.py
[2026-02-14T22:49:33.254+0000] {processor.py:840} INFO - DAG(s) 'SCD2_snapshots' retrieved from /opt/airflow/dags/SCD_snapshot.py
[2026-02-14T22:49:33.277+0000] {logging_mixin.py:188} INFO - [2026-02-14T22:49:33.277+0000] {dag.py:3089} INFO - Sync 1 DAGs
[2026-02-14T22:49:33.293+0000] {logging_mixin.py:188} INFO - [2026-02-14T22:49:33.293+0000] {dag.py:3947} INFO - Setting next_dagrun for SCD2_snapshots to 2026-02-14 00:00:00+00:00, run_after=2026-02-15 00:00:00+00:00
[2026-02-14T22:49:33.310+0000] {processor.py:183} INFO - Processing /opt/airflow/dags/SCD_snapshot.py took 0.087 seconds
[2026-02-14T22:50:03.536+0000] {processor.py:161} INFO - Started process (PID=880) to work on /opt/airflow/dags/SCD_snapshot.py
[2026-02-14T22:50:03.537+0000] {processor.py:830} INFO - Processing file /opt/airflow/dags/SCD_snapshot.py for tasks to queue
[2026-02-14T22:50:03.539+0000] {logging_mixin.py:188} INFO - [2026-02-14T22:50:03.539+0000] {dagbag.py:545} INFO - Filling up the DagBag from /opt/airflow/dags/SCD_snapshot.py
[2026-02-14T22:50:03.557+0000] {processor.py:840} INFO - DAG(s) 'SCD2_snapshots' retrieved from /opt/airflow/dags/SCD_snapshot.py
[2026-02-14T22:50:03.581+0000] {logging_mixin.py:188} INFO - [2026-02-14T22:50:03.581+0000] {dag.py:3089} INFO - Sync 1 DAGs
[2026-02-14T22:50:03.599+0000] {logging_mixin.py:188} INFO - [2026-02-14T22:50:03.599+0000] {dag.py:3947} INFO - Setting next_dagrun for SCD2_snapshots to 2026-02-14 00:00:00+00:00, run_after=2026-02-15 00:00:00+00:00
[2026-02-14T22:50:03.620+0000] {processor.py:183} INFO - Processing /opt/airflow/dags/SCD_snapshot.py took 0.089 seconds
[2026-02-14T22:50:34.143+0000] {processor.py:161} INFO - Started process (PID=886) to work on /opt/airflow/dags/SCD_snapshot.py
[2026-02-14T22:50:34.145+0000] {processor.py:830} INFO - Processing file /opt/airflow/dags/SCD_snapshot.py for tasks to queue
[2026-02-14T22:50:34.147+0000] {logging_mixin.py:188} INFO - [2026-02-14T22:50:34.147+0000] {dagbag.py:545} INFO - Filling up the DagBag from /opt/airflow/dags/SCD_snapshot.py
[2026-02-14T22:50:34.193+0000] {processor.py:840} INFO - DAG(s) 'SCD2_snapshots' retrieved from /opt/airflow/dags/SCD_snapshot.py
[2026-02-14T22:50:34.220+0000] {logging_mixin.py:188} INFO - [2026-02-14T22:50:34.220+0000] {dag.py:3089} INFO - Sync 1 DAGs
[2026-02-14T22:50:34.238+0000] {logging_mixin.py:188} INFO - [2026-02-14T22:50:34.238+0000] {dag.py:3947} INFO - Setting next_dagrun for SCD2_snapshots to 2026-02-14 00:00:00+00:00, run_after=2026-02-15 00:00:00+00:00
[2026-02-14T22:50:34.265+0000] {processor.py:183} INFO - Processing /opt/airflow/dags/SCD_snapshot.py took 0.127 seconds
[2026-02-14T22:51:04.676+0000] {processor.py:161} INFO - Started process (PID=892) to work on /opt/airflow/dags/SCD_snapshot.py
[2026-02-14T22:51:04.677+0000] {processor.py:830} INFO - Processing file /opt/airflow/dags/SCD_snapshot.py for tasks to queue
[2026-02-14T22:51:04.679+0000] {logging_mixin.py:188} INFO - [2026-02-14T22:51:04.679+0000] {dagbag.py:545} INFO - Filling up the DagBag from /opt/airflow/dags/SCD_snapshot.py
[2026-02-14T22:51:04.716+0000] {processor.py:840} INFO - DAG(s) 'SCD2_snapshots' retrieved from /opt/airflow/dags/SCD_snapshot.py
[2026-02-14T22:51:04.745+0000] {logging_mixin.py:188} INFO - [2026-02-14T22:51:04.745+0000] {dag.py:3089} INFO - Sync 1 DAGs
[2026-02-14T22:51:04.764+0000] {logging_mixin.py:188} INFO - [2026-02-14T22:51:04.764+0000] {dag.py:3947} INFO - Setting next_dagrun for SCD2_snapshots to 2026-02-14 00:00:00+00:00, run_after=2026-02-15 00:00:00+00:00
[2026-02-14T22:51:04.779+0000] {processor.py:183} INFO - Processing /opt/airflow/dags/SCD_snapshot.py took 0.109 seconds
[2026-02-14T22:51:34.885+0000] {processor.py:161} INFO - Started process (PID=898) to work on /opt/airflow/dags/SCD_snapshot.py
[2026-02-14T22:51:34.886+0000] {processor.py:830} INFO - Processing file /opt/airflow/dags/SCD_snapshot.py for tasks to queue
[2026-02-14T22:51:34.888+0000] {logging_mixin.py:188} INFO - [2026-02-14T22:51:34.888+0000] {dagbag.py:545} INFO - Filling up the DagBag from /opt/airflow/dags/SCD_snapshot.py
[2026-02-14T22:51:34.917+0000] {processor.py:840} INFO - DAG(s) 'SCD2_snapshots' retrieved from /opt/airflow/dags/SCD_snapshot.py
[2026-02-14T22:51:34.942+0000] {logging_mixin.py:188} INFO - [2026-02-14T22:51:34.942+0000] {dag.py:3089} INFO - Sync 1 DAGs
[2026-02-14T22:51:34.961+0000] {logging_mixin.py:188} INFO - [2026-02-14T22:51:34.961+0000] {dag.py:3947} INFO - Setting next_dagrun for SCD2_snapshots to 2026-02-14 00:00:00+00:00, run_after=2026-02-15 00:00:00+00:00
[2026-02-14T22:51:34.978+0000] {processor.py:183} INFO - Processing /opt/airflow/dags/SCD_snapshot.py took 0.106 seconds
[2026-02-14T22:52:05.298+0000] {processor.py:161} INFO - Started process (PID=904) to work on /opt/airflow/dags/SCD_snapshot.py
[2026-02-14T22:52:05.299+0000] {processor.py:830} INFO - Processing file /opt/airflow/dags/SCD_snapshot.py for tasks to queue
[2026-02-14T22:52:05.301+0000] {logging_mixin.py:188} INFO - [2026-02-14T22:52:05.301+0000] {dagbag.py:545} INFO - Filling up the DagBag from /opt/airflow/dags/SCD_snapshot.py
[2026-02-14T22:52:05.320+0000] {processor.py:840} INFO - DAG(s) 'SCD2_snapshots' retrieved from /opt/airflow/dags/SCD_snapshot.py
[2026-02-14T22:52:05.344+0000] {logging_mixin.py:188} INFO - [2026-02-14T22:52:05.344+0000] {dag.py:3089} INFO - Sync 1 DAGs
[2026-02-14T22:52:05.360+0000] {logging_mixin.py:188} INFO - [2026-02-14T22:52:05.360+0000] {dag.py:3947} INFO - Setting next_dagrun for SCD2_snapshots to 2026-02-14 00:00:00+00:00, run_after=2026-02-15 00:00:00+00:00
[2026-02-14T22:52:05.375+0000] {processor.py:183} INFO - Processing /opt/airflow/dags/SCD_snapshot.py took 0.083 seconds
[2026-02-14T22:52:35.650+0000] {processor.py:161} INFO - Started process (PID=910) to work on /opt/airflow/dags/SCD_snapshot.py
[2026-02-14T22:52:35.651+0000] {processor.py:830} INFO - Processing file /opt/airflow/dags/SCD_snapshot.py for tasks to queue
[2026-02-14T22:52:35.653+0000] {logging_mixin.py:188} INFO - [2026-02-14T22:52:35.652+0000] {dagbag.py:545} INFO - Filling up the DagBag from /opt/airflow/dags/SCD_snapshot.py
[2026-02-14T22:52:35.670+0000] {processor.py:840} INFO - DAG(s) 'SCD2_snapshots' retrieved from /opt/airflow/dags/SCD_snapshot.py
[2026-02-14T22:52:35.696+0000] {logging_mixin.py:188} INFO - [2026-02-14T22:52:35.696+0000] {dag.py:3089} INFO - Sync 1 DAGs
[2026-02-14T22:52:35.713+0000] {logging_mixin.py:188} INFO - [2026-02-14T22:52:35.713+0000] {dag.py:3947} INFO - Setting next_dagrun for SCD2_snapshots to 2026-02-14 00:00:00+00:00, run_after=2026-02-15 00:00:00+00:00
[2026-02-14T22:52:35.728+0000] {processor.py:183} INFO - Processing /opt/airflow/dags/SCD_snapshot.py took 0.083 seconds
[2026-02-14T22:53:06.120+0000] {processor.py:161} INFO - Started process (PID=916) to work on /opt/airflow/dags/SCD_snapshot.py
[2026-02-14T22:53:06.121+0000] {processor.py:830} INFO - Processing file /opt/airflow/dags/SCD_snapshot.py for tasks to queue
[2026-02-14T22:53:06.123+0000] {logging_mixin.py:188} INFO - [2026-02-14T22:53:06.123+0000] {dagbag.py:545} INFO - Filling up the DagBag from /opt/airflow/dags/SCD_snapshot.py
[2026-02-14T22:53:06.142+0000] {processor.py:840} INFO - DAG(s) 'SCD2_snapshots' retrieved from /opt/airflow/dags/SCD_snapshot.py
[2026-02-14T22:53:06.167+0000] {logging_mixin.py:188} INFO - [2026-02-14T22:53:06.167+0000] {dag.py:3089} INFO - Sync 1 DAGs
[2026-02-14T22:53:06.184+0000] {logging_mixin.py:188} INFO - [2026-02-14T22:53:06.184+0000] {dag.py:3947} INFO - Setting next_dagrun for SCD2_snapshots to 2026-02-14 00:00:00+00:00, run_after=2026-02-15 00:00:00+00:00
[2026-02-14T22:53:06.206+0000] {processor.py:183} INFO - Processing /opt/airflow/dags/SCD_snapshot.py took 0.091 seconds
[2026-02-14T22:53:36.549+0000] {processor.py:161} INFO - Started process (PID=922) to work on /opt/airflow/dags/SCD_snapshot.py
[2026-02-14T22:53:36.551+0000] {processor.py:830} INFO - Processing file /opt/airflow/dags/SCD_snapshot.py for tasks to queue
[2026-02-14T22:53:36.552+0000] {logging_mixin.py:188} INFO - [2026-02-14T22:53:36.552+0000] {dagbag.py:545} INFO - Filling up the DagBag from /opt/airflow/dags/SCD_snapshot.py
[2026-02-14T22:53:36.575+0000] {processor.py:840} INFO - DAG(s) 'SCD2_snapshots' retrieved from /opt/airflow/dags/SCD_snapshot.py
[2026-02-14T22:53:36.600+0000] {logging_mixin.py:188} INFO - [2026-02-14T22:53:36.600+0000] {dag.py:3089} INFO - Sync 1 DAGs
[2026-02-14T22:53:36.617+0000] {logging_mixin.py:188} INFO - [2026-02-14T22:53:36.617+0000] {dag.py:3947} INFO - Setting next_dagrun for SCD2_snapshots to 2026-02-14 00:00:00+00:00, run_after=2026-02-15 00:00:00+00:00
[2026-02-14T22:53:36.640+0000] {processor.py:183} INFO - Processing /opt/airflow/dags/SCD_snapshot.py took 0.094 seconds
[2026-02-14T22:54:07.196+0000] {processor.py:161} INFO - Started process (PID=928) to work on /opt/airflow/dags/SCD_snapshot.py
[2026-02-14T22:54:07.199+0000] {processor.py:830} INFO - Processing file /opt/airflow/dags/SCD_snapshot.py for tasks to queue
[2026-02-14T22:54:07.203+0000] {logging_mixin.py:188} INFO - [2026-02-14T22:54:07.203+0000] {dagbag.py:545} INFO - Filling up the DagBag from /opt/airflow/dags/SCD_snapshot.py
[2026-02-14T22:54:07.411+0000] {processor.py:840} INFO - DAG(s) 'SCD2_snapshots' retrieved from /opt/airflow/dags/SCD_snapshot.py
[2026-02-14T22:54:07.449+0000] {logging_mixin.py:188} INFO - [2026-02-14T22:54:07.449+0000] {dag.py:3089} INFO - Sync 1 DAGs
[2026-02-14T22:54:07.470+0000] {logging_mixin.py:188} INFO - [2026-02-14T22:54:07.470+0000] {dag.py:3947} INFO - Setting next_dagrun for SCD2_snapshots to 2026-02-14 00:00:00+00:00, run_after=2026-02-15 00:00:00+00:00
[2026-02-14T22:54:07.492+0000] {processor.py:183} INFO - Processing /opt/airflow/dags/SCD_snapshot.py took 0.305 seconds
[2026-02-14T22:54:37.886+0000] {processor.py:161} INFO - Started process (PID=934) to work on /opt/airflow/dags/SCD_snapshot.py
[2026-02-14T22:54:37.887+0000] {processor.py:830} INFO - Processing file /opt/airflow/dags/SCD_snapshot.py for tasks to queue
[2026-02-14T22:54:37.889+0000] {logging_mixin.py:188} INFO - [2026-02-14T22:54:37.889+0000] {dagbag.py:545} INFO - Filling up the DagBag from /opt/airflow/dags/SCD_snapshot.py
[2026-02-14T22:54:37.905+0000] {processor.py:840} INFO - DAG(s) 'SCD2_snapshots' retrieved from /opt/airflow/dags/SCD_snapshot.py
[2026-02-14T22:54:37.929+0000] {logging_mixin.py:188} INFO - [2026-02-14T22:54:37.929+0000] {dag.py:3089} INFO - Sync 1 DAGs
[2026-02-14T22:54:37.946+0000] {logging_mixin.py:188} INFO - [2026-02-14T22:54:37.946+0000] {dag.py:3947} INFO - Setting next_dagrun for SCD2_snapshots to 2026-02-14 00:00:00+00:00, run_after=2026-02-15 00:00:00+00:00
[2026-02-14T22:54:37.964+0000] {processor.py:183} INFO - Processing /opt/airflow/dags/SCD_snapshot.py took 0.084 seconds
[2026-02-14T22:55:08.347+0000] {processor.py:161} INFO - Started process (PID=940) to work on /opt/airflow/dags/SCD_snapshot.py
[2026-02-14T22:55:08.348+0000] {processor.py:830} INFO - Processing file /opt/airflow/dags/SCD_snapshot.py for tasks to queue
[2026-02-14T22:55:08.350+0000] {logging_mixin.py:188} INFO - [2026-02-14T22:55:08.349+0000] {dagbag.py:545} INFO - Filling up the DagBag from /opt/airflow/dags/SCD_snapshot.py
[2026-02-14T22:55:08.365+0000] {processor.py:840} INFO - DAG(s) 'SCD2_snapshots' retrieved from /opt/airflow/dags/SCD_snapshot.py
[2026-02-14T22:55:08.389+0000] {logging_mixin.py:188} INFO - [2026-02-14T22:55:08.389+0000] {dag.py:3089} INFO - Sync 1 DAGs
[2026-02-14T22:55:08.406+0000] {logging_mixin.py:188} INFO - [2026-02-14T22:55:08.406+0000] {dag.py:3947} INFO - Setting next_dagrun for SCD2_snapshots to 2026-02-14 00:00:00+00:00, run_after=2026-02-15 00:00:00+00:00
[2026-02-14T22:55:08.425+0000] {processor.py:183} INFO - Processing /opt/airflow/dags/SCD_snapshot.py took 0.084 seconds
[2026-02-14T22:55:38.501+0000] {processor.py:161} INFO - Started process (PID=946) to work on /opt/airflow/dags/SCD_snapshot.py
[2026-02-14T22:55:38.502+0000] {processor.py:830} INFO - Processing file /opt/airflow/dags/SCD_snapshot.py for tasks to queue
[2026-02-14T22:55:38.504+0000] {logging_mixin.py:188} INFO - [2026-02-14T22:55:38.504+0000] {dagbag.py:545} INFO - Filling up the DagBag from /opt/airflow/dags/SCD_snapshot.py
[2026-02-14T22:55:38.538+0000] {processor.py:840} INFO - DAG(s) 'SCD2_snapshots' retrieved from /opt/airflow/dags/SCD_snapshot.py
[2026-02-14T22:55:38.563+0000] {logging_mixin.py:188} INFO - [2026-02-14T22:55:38.563+0000] {dag.py:3089} INFO - Sync 1 DAGs
[2026-02-14T22:55:38.580+0000] {logging_mixin.py:188} INFO - [2026-02-14T22:55:38.580+0000] {dag.py:3947} INFO - Setting next_dagrun for SCD2_snapshots to 2026-02-14 00:00:00+00:00, run_after=2026-02-15 00:00:00+00:00
[2026-02-14T22:55:38.602+0000] {processor.py:183} INFO - Processing /opt/airflow/dags/SCD_snapshot.py took 0.107 seconds
[2026-02-14T22:56:08.924+0000] {processor.py:161} INFO - Started process (PID=952) to work on /opt/airflow/dags/SCD_snapshot.py
[2026-02-14T22:56:08.925+0000] {processor.py:830} INFO - Processing file /opt/airflow/dags/SCD_snapshot.py for tasks to queue
[2026-02-14T22:56:08.927+0000] {logging_mixin.py:188} INFO - [2026-02-14T22:56:08.927+0000] {dagbag.py:545} INFO - Filling up the DagBag from /opt/airflow/dags/SCD_snapshot.py
[2026-02-14T22:56:08.957+0000] {processor.py:840} INFO - DAG(s) 'SCD2_snapshots' retrieved from /opt/airflow/dags/SCD_snapshot.py
[2026-02-14T22:56:08.983+0000] {logging_mixin.py:188} INFO - [2026-02-14T22:56:08.983+0000] {dag.py:3089} INFO - Sync 1 DAGs
[2026-02-14T22:56:09.001+0000] {logging_mixin.py:188} INFO - [2026-02-14T22:56:09.001+0000] {dag.py:3947} INFO - Setting next_dagrun for SCD2_snapshots to 2026-02-14 00:00:00+00:00, run_after=2026-02-15 00:00:00+00:00
[2026-02-14T22:56:09.017+0000] {processor.py:183} INFO - Processing /opt/airflow/dags/SCD_snapshot.py took 0.100 seconds
[2026-02-14T22:56:39.362+0000] {processor.py:161} INFO - Started process (PID=958) to work on /opt/airflow/dags/SCD_snapshot.py
[2026-02-14T22:56:39.364+0000] {processor.py:830} INFO - Processing file /opt/airflow/dags/SCD_snapshot.py for tasks to queue
[2026-02-14T22:56:39.365+0000] {logging_mixin.py:188} INFO - [2026-02-14T22:56:39.365+0000] {dagbag.py:545} INFO - Filling up the DagBag from /opt/airflow/dags/SCD_snapshot.py
[2026-02-14T22:56:39.388+0000] {processor.py:840} INFO - DAG(s) 'SCD2_snapshots' retrieved from /opt/airflow/dags/SCD_snapshot.py
[2026-02-14T22:56:39.413+0000] {logging_mixin.py:188} INFO - [2026-02-14T22:56:39.413+0000] {dag.py:3089} INFO - Sync 1 DAGs
[2026-02-14T22:56:39.430+0000] {logging_mixin.py:188} INFO - [2026-02-14T22:56:39.430+0000] {dag.py:3947} INFO - Setting next_dagrun for SCD2_snapshots to 2026-02-14 00:00:00+00:00, run_after=2026-02-15 00:00:00+00:00
[2026-02-14T22:56:39.449+0000] {processor.py:183} INFO - Processing /opt/airflow/dags/SCD_snapshot.py took 0.091 seconds
[2026-02-14T22:57:09.770+0000] {processor.py:161} INFO - Started process (PID=964) to work on /opt/airflow/dags/SCD_snapshot.py
[2026-02-14T22:57:09.771+0000] {processor.py:830} INFO - Processing file /opt/airflow/dags/SCD_snapshot.py for tasks to queue
[2026-02-14T22:57:09.772+0000] {logging_mixin.py:188} INFO - [2026-02-14T22:57:09.772+0000] {dagbag.py:545} INFO - Filling up the DagBag from /opt/airflow/dags/SCD_snapshot.py
[2026-02-14T22:57:09.786+0000] {processor.py:840} INFO - DAG(s) 'SCD2_snapshots' retrieved from /opt/airflow/dags/SCD_snapshot.py
[2026-02-14T22:57:09.811+0000] {logging_mixin.py:188} INFO - [2026-02-14T22:57:09.810+0000] {dag.py:3089} INFO - Sync 1 DAGs
[2026-02-14T22:57:09.829+0000] {logging_mixin.py:188} INFO - [2026-02-14T22:57:09.829+0000] {dag.py:3947} INFO - Setting next_dagrun for SCD2_snapshots to 2026-02-14 00:00:00+00:00, run_after=2026-02-15 00:00:00+00:00
[2026-02-14T22:57:09.846+0000] {processor.py:183} INFO - Processing /opt/airflow/dags/SCD_snapshot.py took 0.081 seconds
[2026-02-14T22:57:40.209+0000] {processor.py:161} INFO - Started process (PID=970) to work on /opt/airflow/dags/SCD_snapshot.py
[2026-02-14T22:57:40.210+0000] {processor.py:830} INFO - Processing file /opt/airflow/dags/SCD_snapshot.py for tasks to queue
[2026-02-14T22:57:40.211+0000] {logging_mixin.py:188} INFO - [2026-02-14T22:57:40.211+0000] {dagbag.py:545} INFO - Filling up the DagBag from /opt/airflow/dags/SCD_snapshot.py
[2026-02-14T22:57:40.235+0000] {processor.py:840} INFO - DAG(s) 'SCD2_snapshots' retrieved from /opt/airflow/dags/SCD_snapshot.py
[2026-02-14T22:57:40.261+0000] {logging_mixin.py:188} INFO - [2026-02-14T22:57:40.260+0000] {dag.py:3089} INFO - Sync 1 DAGs
[2026-02-14T22:57:40.278+0000] {logging_mixin.py:188} INFO - [2026-02-14T22:57:40.278+0000] {dag.py:3947} INFO - Setting next_dagrun for SCD2_snapshots to 2026-02-14 00:00:00+00:00, run_after=2026-02-15 00:00:00+00:00
[2026-02-14T22:57:40.298+0000] {processor.py:183} INFO - Processing /opt/airflow/dags/SCD_snapshot.py took 0.094 seconds
[2026-02-14T22:58:10.633+0000] {processor.py:161} INFO - Started process (PID=976) to work on /opt/airflow/dags/SCD_snapshot.py
[2026-02-14T22:58:10.634+0000] {processor.py:830} INFO - Processing file /opt/airflow/dags/SCD_snapshot.py for tasks to queue
[2026-02-14T22:58:10.636+0000] {logging_mixin.py:188} INFO - [2026-02-14T22:58:10.635+0000] {dagbag.py:545} INFO - Filling up the DagBag from /opt/airflow/dags/SCD_snapshot.py
[2026-02-14T22:58:10.656+0000] {processor.py:840} INFO - DAG(s) 'SCD2_snapshots' retrieved from /opt/airflow/dags/SCD_snapshot.py
[2026-02-14T22:58:10.682+0000] {logging_mixin.py:188} INFO - [2026-02-14T22:58:10.681+0000] {dag.py:3089} INFO - Sync 1 DAGs
[2026-02-14T22:58:10.700+0000] {logging_mixin.py:188} INFO - [2026-02-14T22:58:10.700+0000] {dag.py:3947} INFO - Setting next_dagrun for SCD2_snapshots to 2026-02-14 00:00:00+00:00, run_after=2026-02-15 00:00:00+00:00
[2026-02-14T22:58:10.733+0000] {processor.py:183} INFO - Processing /opt/airflow/dags/SCD_snapshot.py took 0.104 seconds
